C:\Users\Nazar Aktrea\source\repos\HotelBookingSystem\HotelBookingSystem\HotelBookingFrontEnd\dist\out-tsc\app\Models\login.model.js
C:\Users\Nazar Aktrea\source\repos\HotelBookingSystem\HotelBookingSystem\HotelBookingFrontEnd\dist\out-tsc\app\Models\login.model.js.map
C:\Users\Nazar Aktrea\source\repos\HotelBookingSystem\HotelBookingSystem\HotelBookingFrontEnd\dist\out-tsc\app\Models\response.model.js
C:\Users\Nazar Aktrea\source\repos\HotelBookingSystem\HotelBookingSystem\HotelBookingFrontEnd\dist\out-tsc\app\Models\response.model.js.map
C:\Users\Nazar Aktrea\source\repos\HotelBookingSystem\HotelBookingSystem\HotelBookingFrontEnd\dist\out-tsc\app\Services\login.service.js
C:\Users\Nazar Aktrea\source\repos\HotelBookingSystem\HotelBookingSystem\HotelBookingFrontEnd\dist\out-tsc\app\Services\login.service.js.map
C:\Users\Nazar Aktrea\source\repos\HotelBookingSystem\HotelBookingSystem\HotelBookingFrontEnd\dist\out-tsc\app\Components\login\login.component.js
C:\Users\Nazar Aktrea\source\repos\HotelBookingSystem\HotelBookingSystem\HotelBookingFrontEnd\dist\out-tsc\app\Components\login\login.component.js.map
C:\Users\Nazar Aktrea\source\repos\HotelBookingSystem\HotelBookingSystem\HotelBookingFrontEnd\dist\out-tsc\app\Models\RoomCreate.Model.js
C:\Users\Nazar Aktrea\source\repos\HotelBookingSystem\HotelBookingSystem\HotelBookingFrontEnd\dist\out-tsc\app\Models\RoomCreate.Model.js.map
C:\Users\Nazar Aktrea\source\repos\HotelBookingSystem\HotelBookingSystem\HotelBookingFrontEnd\dist\out-tsc\app\Models\createresponse.model.js
C:\Users\Nazar Aktrea\source\repos\HotelBookingSystem\HotelBookingSystem\HotelBookingFrontEnd\dist\out-tsc\app\Models\createresponse.model.js.map
C:\Users\Nazar Aktrea\source\repos\HotelBookingSystem\HotelBookingSystem\HotelBookingFrontEnd\dist\out-tsc\app\Models\rooms.model.js
C:\Users\Nazar Aktrea\source\repos\HotelBookingSystem\HotelBookingSystem\HotelBookingFrontEnd\dist\out-tsc\app\Models\rooms.model.js.map
C:\Users\Nazar Aktrea\source\repos\HotelBookingSystem\HotelBookingSystem\HotelBookingFrontEnd\dist\out-tsc\app\Services\room.service.js
C:\Users\Nazar Aktrea\source\repos\HotelBookingSystem\HotelBookingSystem\HotelBookingFrontEnd\dist\out-tsc\app\Services\room.service.js.map
C:\Users\Nazar Aktrea\source\repos\HotelBookingSystem\HotelBookingSystem\HotelBookingFrontEnd\dist\out-tsc\app\Components\roomcreate\roomcreate.component.js
C:\Users\Nazar Aktrea\source\repos\HotelBookingSystem\HotelBookingSystem\HotelBookingFrontEnd\dist\out-tsc\app\Components\roomcreate\roomcreate.component.js.map
C:\Users\Nazar Aktrea\source\repos\HotelBookingSystem\HotelBookingSystem\HotelBookingFrontEnd\dist\out-tsc\app\Components\roomlist\roomlist.component.js
C:\Users\Nazar Aktrea\source\repos\HotelBookingSystem\HotelBookingSystem\HotelBookingFrontEnd\dist\out-tsc\app\Components\roomlist\roomlist.component.js.map
C:\Users\Nazar Aktrea\source\repos\HotelBookingSystem\HotelBookingSystem\HotelBookingFrontEnd\dist\out-tsc\app\Services\auth-guard.service.js
C:\Users\Nazar Aktrea\source\repos\HotelBookingSystem\HotelBookingSystem\HotelBookingFrontEnd\dist\out-tsc\app\Services\auth-guard.service.js.map
C:\Users\Nazar Aktrea\source\repos\HotelBookingSystem\HotelBookingSystem\HotelBookingFrontEnd\dist\out-tsc\app\app-routing.module.js
C:\Users\Nazar Aktrea\source\repos\HotelBookingSystem\HotelBookingSystem\HotelBookingFrontEnd\dist\out-tsc\app\app-routing.module.js.map
C:\Users\Nazar Aktrea\source\repos\HotelBookingSystem\HotelBookingSystem\HotelBookingFrontEnd\dist\out-tsc\app\app.component.js
C:\Users\Nazar Aktrea\source\repos\HotelBookingSystem\HotelBookingSystem\HotelBookingFrontEnd\dist\out-tsc\app\app.component.js.map
C:\Users\Nazar Aktrea\source\repos\HotelBookingSystem\HotelBookingSystem\HotelBookingFrontEnd\dist\out-tsc\app\app.module.js
C:\Users\Nazar Aktrea\source\repos\HotelBookingSystem\HotelBookingSystem\HotelBookingFrontEnd\dist\out-tsc\app\app.module.js.map
C:\Users\Nazar Aktrea\source\repos\HotelBookingSystem\HotelBookingSystem\HotelBookingFrontEnd\dist\out-tsc\environments\environment.js
C:\Users\Nazar Aktrea\source\repos\HotelBookingSystem\HotelBookingSystem\HotelBookingFrontEnd\dist\out-tsc\environments\environment.js.map
C:\Users\Nazar Aktrea\source\repos\HotelBookingSystem\HotelBookingSystem\HotelBookingFrontEnd\dist\out-tsc\main.js
C:\Users\Nazar Aktrea\source\repos\HotelBookingSystem\HotelBookingSystem\HotelBookingFrontEnd\dist\out-tsc\main.js.map
C:\Users\Nazar Aktrea\source\repos\HotelBookingSystem\HotelBookingSystem\HotelBookingFrontEnd\dist\out-tsc\polyfills.js
C:\Users\Nazar Aktrea\source\repos\HotelBookingSystem\HotelBookingSystem\HotelBookingFrontEnd\dist\out-tsc\polyfills.js.map
C:\Users\Nazar Aktrea\source\repos\HotelBookingSystem\HotelBookingSystem\HotelBookingFrontEnd\dist\out-tsc\test.js
C:\Users\Nazar Aktrea\source\repos\HotelBookingSystem\HotelBookingSystem\HotelBookingFrontEnd\dist\out-tsc\test.js.map
C:\Users\Nazar Aktrea\source\repos\HotelBookingSystem\HotelBookingSystem\HotelBookingFrontEnd\dist\out-tsc\app\app.component.spec.js
C:\Users\Nazar Aktrea\source\repos\HotelBookingSystem\HotelBookingSystem\HotelBookingFrontEnd\dist\out-tsc\app\app.component.spec.js.map
C:\Users\Nazar Aktrea\source\repos\HotelBookingSystem\HotelBookingSystem\HotelBookingFrontEnd\dist\out-tsc\app\Components\login\login.component.spec.js
C:\Users\Nazar Aktrea\source\repos\HotelBookingSystem\HotelBookingSystem\HotelBookingFrontEnd\dist\out-tsc\app\Components\login\login.component.spec.js.map
C:\Users\Nazar Aktrea\source\repos\HotelBookingSystem\HotelBookingSystem\HotelBookingFrontEnd\dist\out-tsc\app\Components\roomcreate\roomcreate.component.spec.js
C:\Users\Nazar Aktrea\source\repos\HotelBookingSystem\HotelBookingSystem\HotelBookingFrontEnd\dist\out-tsc\app\Components\roomcreate\roomcreate.component.spec.js.map
C:\Users\Nazar Aktrea\source\repos\HotelBookingSystem\HotelBookingSystem\HotelBookingFrontEnd\dist\out-tsc\app\Components\roomlist\roomlist.component.spec.js
C:\Users\Nazar Aktrea\source\repos\HotelBookingSystem\HotelBookingSystem\HotelBookingFrontEnd\dist\out-tsc\app\Components\roomlist\roomlist.component.spec.js.map
C:\Users\Nazar Aktrea\source\repos\HotelBookingSystem\HotelBookingSystem\HotelBookingFrontEnd\dist\out-tsc\app\Models\login.model.spec.js
C:\Users\Nazar Aktrea\source\repos\HotelBookingSystem\HotelBookingSystem\HotelBookingFrontEnd\dist\out-tsc\app\Models\login.model.spec.js.map
C:\Users\Nazar Aktrea\source\repos\HotelBookingSystem\HotelBookingSystem\HotelBookingFrontEnd\dist\out-tsc\app\Services\auth-guard.service.spec.js
C:\Users\Nazar Aktrea\source\repos\HotelBookingSystem\HotelBookingSystem\HotelBookingFrontEnd\dist\out-tsc\app\Services\auth-guard.service.spec.js.map
C:\Users\Nazar Aktrea\source\repos\HotelBookingSystem\HotelBookingSystem\HotelBookingFrontEnd\dist\out-tsc\app\Services\login.service.spec.js
C:\Users\Nazar Aktrea\source\repos\HotelBookingSystem\HotelBookingSystem\HotelBookingFrontEnd\dist\out-tsc\app\Services\login.service.spec.js.map
C:\Users\Nazar Aktrea\source\repos\HotelBookingSystem\HotelBookingSystem\HotelBookingFrontEnd\dist\out-tsc\app\Services\room.service.spec.js
C:\Users\Nazar Aktrea\source\repos\HotelBookingSystem\HotelBookingSystem\HotelBookingFrontEnd\dist\out-tsc\app\Services\room.service.spec.js.map
C:\Users\Nazar Aktrea\source\repos\HotelBookingSystem\HotelBookingSystem\HotelBookingFrontEnd\dist\out-tsc\environments\environment.prod.js
C:\Users\Nazar Aktrea\source\repos\HotelBookingSystem\HotelBookingSystem\HotelBookingFrontEnd\dist\out-tsc\environments\environment.prod.js.map
